<?xml version="1.0" encoding="UTF-8"?>
<testng-results ignored="0" total="2" passed="2" failed="0" skipped="0">
  <reporter-output>
  </reporter-output>
  <suite started-at="2022-06-10T15:30:47 IST" name="Default suite" finished-at="2022-06-10T15:30:47 IST" duration-ms="116">
    <groups>
    </groups>
    <test started-at="2022-06-10T15:30:47 IST" name="Default test" finished-at="2022-06-10T15:30:47 IST" duration-ms="116">
      <class name="Test.VerifyLogin">
        <test-method is-config="true" signature="openURL()[pri:0, instance:Test.VerifyLogin@623a8092]" started-at="2022-06-10T15:30:47 IST" name="openURL" finished-at="2022-06-10T15:30:47 IST" duration-ms="11" status="PASS">
          <reporter-output>
          </reporter-output>
        </test-method> <!-- openURL -->
        <test-method signature="verifyLoginFeature()[pri:0, instance:Test.VerifyLogin@623a8092]" started-at="2022-06-10T15:30:47 IST" name="verifyLoginFeature" finished-at="2022-06-10T15:30:47 IST" duration-ms="8" status="PASS">
          <reporter-output>
          </reporter-output>
        </test-method> <!-- verifyLoginFeature -->
        <test-method is-config="true" signature="closingBrowser()[pri:0, instance:Test.VerifyLogin@623a8092]" started-at="2022-06-10T15:30:47 IST" name="closingBrowser" finished-at="2022-06-10T15:30:47 IST" duration-ms="1" status="PASS">
          <reporter-output>
          </reporter-output>
        </test-method> <!-- closingBrowser -->
        <test-method is-config="true" signature="openURL()[pri:0, instance:Test.VerifyLogin@623a8092]" started-at="2022-06-10T15:30:47 IST" name="openURL" finished-at="2022-06-10T15:30:47 IST" duration-ms="3" status="PASS">
          <reporter-output>
          </reporter-output>
        </test-method> <!-- openURL -->
        <test-method signature="verifyLoginFeature1()[pri:0, instance:Test.VerifyLogin@623a8092]" started-at="2022-06-10T15:30:47 IST" name="verifyLoginFeature1" finished-at="2022-06-10T15:30:47 IST" duration-ms="4" status="PASS">
          <reporter-output>
          </reporter-output>
        </test-method> <!-- verifyLoginFeature1 -->
        <test-method is-config="true" signature="closingBrowser()[pri:0, instance:Test.VerifyLogin@623a8092]" started-at="2022-06-10T15:30:47 IST" name="closingBrowser" finished-at="2022-06-10T15:30:47 IST" duration-ms="2" status="PASS">
          <reporter-output>
          </reporter-output>
        </test-method> <!-- closingBrowser -->
      </class> <!-- Test.VerifyLogin -->
    </test> <!-- Default test -->
  </suite> <!-- Default suite -->
</testng-results>
